<?xml version="1.0" encoding="UTF-8"?>
<!-- Generated by org.testng.reporters.JUnitReportReporter -->
<testsuite hostname="DESKTOP-MV778GF" failures="0" tests="2" name="com.codemind.b3project.TestCases.HomePageTestCase" time="353.401" errors="0" timestamp="2022-11-06T12:54:33 IST" skipped="0">
  <testcase classname="com.codemind.b3project.TestCases.HomePageTestCase" name="verifyRegistrationFunctionality" time="215.683"/>
  <system-out/>
  <testcase classname="com.codemind.b3project.TestCases.HomePageTestCase" name="verifyValidLogin" time="137.718"/>
  <system-out/>
</testsuite> <!-- com.codemind.b3project.TestCases.HomePageTestCase -->
