<?xml version="1.0" encoding="UTF-8"?>
<!-- Generated by org.testng.reporters.JUnitReportReporter -->
<testsuite hostname="DESKTOP-MV778GF" failures="0" tests="1" name="com.codemind.b3project.TestCases.RegistrationTestcases" time="39.749" errors="0" timestamp="2022-11-06T12:55:39 IST" skipped="0">
  <testcase classname="com.codemind.b3project.TestCases.RegistrationTestcases" name="verifySuccessfullRegistration" time="39.749"/>
  <system-out/>
</testsuite> <!-- com.codemind.b3project.TestCases.RegistrationTestcases -->
